2016-09-08 13:19:08,788 [Worker-2] INFO  c.g.t.t.d.PublishedGradleVersions - Gradle version information cache is out-of-date. Trying to update.
2016-09-08 13:54:33,005 [Worker-0] INFO  c.g.t.t.d.PublishedGradleVersions - Gradle version information cache is up-to-date. Trying to read.
2016-09-08 14:04:57,751 [Worker-0] INFO  c.g.t.t.d.PublishedGradleVersions - Gradle version information cache is up-to-date. Trying to read.
2016-09-08 14:06:49,335 [Worker-1] INFO  c.g.t.t.d.PublishedGradleVersions - Gradle version information cache is up-to-date. Trying to read.
2016-09-08 14:17:12,039 [Worker-0] INFO  c.g.t.t.d.PublishedGradleVersions - Gradle version information cache is up-to-date. Trying to read.
2016-09-08 14:19:01,269 [Worker-0] INFO  c.g.t.t.d.PublishedGradleVersions - Gradle version information cache is up-to-date. Trying to read.
2016-09-08 14:22:58,749 [Worker-3] INFO  c.g.t.t.d.PublishedGradleVersions - Gradle version information cache is up-to-date. Trying to read.
2016-09-08 14:24:24,434 [Worker-0] INFO  c.g.t.t.d.PublishedGradleVersions - Gradle version information cache is up-to-date. Trying to read.
2016-09-08 14:35:58,590 [Worker-1] INFO  c.g.t.t.d.PublishedGradleVersions - Gradle version information cache is up-to-date. Trying to read.
2016-09-08 14:50:49,878 [Worker-0] INFO  c.g.t.t.d.PublishedGradleVersions - Gradle version information cache is up-to-date. Trying to read.
2016-09-08 14:56:34,333 [Worker-1] INFO  c.g.t.t.d.PublishedGradleVersions - Gradle version information cache is up-to-date. Trying to read.
2016-09-08 15:01:51,466 [Worker-1] INFO  c.g.t.t.d.PublishedGradleVersions - Gradle version information cache is up-to-date. Trying to read.
2016-09-08 15:02:26,707 [Worker-0] INFO  c.g.t.t.d.PublishedGradleVersions - Gradle version information cache is up-to-date. Trying to read.
2016-09-08 15:23:14,014 [Worker-3] INFO  c.g.t.t.d.PublishedGradleVersions - Gradle version information cache is up-to-date. Trying to read.
2016-09-08 15:23:33,162 [Worker-3] WARN  Sisu - Error injecting: org.apache.maven.repository.legacy.LegacyRepositorySystem
com.google.inject.ProvisionException: Unable to provision, see the following errors:

1) No implementation for org.apache.maven.artifact.factory.ArtifactFactory was bound.
  while locating org.apache.maven.repository.legacy.LegacyRepositorySystem

1 error
	at com.google.inject.internal.InjectorImpl$2.get(InjectorImpl.java:1025) [guice-4.0-no_aop.jar:na]
	at com.google.inject.internal.InjectorImpl.getInstance(InjectorImpl.java:1051) [guice-4.0-no_aop.jar:na]
	at org.eclipse.sisu.space.AbstractDeferredClass.get(AbstractDeferredClass.java:48) ~[org.eclipse.sisu.inject-0.3.2.jar:na]
	at com.google.inject.internal.ProviderInternalFactory.provision(ProviderInternalFactory.java:81) [guice-4.0-no_aop.jar:na]
	at com.google.inject.internal.InternalFactoryToInitializableAdapter.provision(InternalFactoryToInitializableAdapter.java:53) [guice-4.0-no_aop.jar:na]
	at com.google.inject.internal.ProviderInternalFactory$1.call(ProviderInternalFactory.java:65) [guice-4.0-no_aop.jar:na]
	at com.google.inject.internal.ProvisionListenerStackCallback$Provision.provision(ProvisionListenerStackCallback.java:115) [guice-4.0-no_aop.jar:na]
	at org.eclipse.sisu.bean.BeanScheduler$Activator.onProvision(BeanScheduler.java:176) [org.eclipse.sisu.inject-0.3.2.jar:na]
	at com.google.inject.internal.ProvisionListenerStackCallback$Provision.provision(ProvisionListenerStackCallback.java:126) [guice-4.0-no_aop.jar:na]
	at com.google.inject.internal.ProvisionListenerStackCallback.provision(ProvisionListenerStackCallback.java:68) [guice-4.0-no_aop.jar:na]
	at com.google.inject.internal.ProviderInternalFactory.circularGet(ProviderInternalFactory.java:63) [guice-4.0-no_aop.jar:na]
	at com.google.inject.internal.InternalFactoryToInitializableAdapter.get(InternalFactoryToInitializableAdapter.java:45) [guice-4.0-no_aop.jar:na]
	at com.google.inject.internal.ProviderToInternalFactoryAdapter$1.call(ProviderToInternalFactoryAdapter.java:46) [guice-4.0-no_aop.jar:na]
	at com.google.inject.internal.InjectorImpl.callInContext(InjectorImpl.java:1103) [guice-4.0-no_aop.jar:na]
	at com.google.inject.internal.ProviderToInternalFactoryAdapter.get(ProviderToInternalFactoryAdapter.java:40) [guice-4.0-no_aop.jar:na]
	at com.google.inject.internal.SingletonScope$1.get(SingletonScope.java:145) [guice-4.0-no_aop.jar:na]
	at com.google.inject.internal.InternalFactoryToProviderAdapter.get(InternalFactoryToProviderAdapter.java:41) [guice-4.0-no_aop.jar:na]
	at com.google.inject.internal.InjectorImpl$2$1.call(InjectorImpl.java:1016) [guice-4.0-no_aop.jar:na]
	at com.google.inject.internal.InjectorImpl.callInContext(InjectorImpl.java:1092) [guice-4.0-no_aop.jar:na]
	at com.google.inject.internal.InjectorImpl$2.get(InjectorImpl.java:1012) [guice-4.0-no_aop.jar:na]
	at org.eclipse.sisu.inject.LazyBeanEntry.getValue(LazyBeanEntry.java:81) [org.eclipse.sisu.inject-0.3.2.jar:na]
	at org.eclipse.sisu.plexus.LazyPlexusBean.getValue(LazyPlexusBean.java:51) [org.eclipse.sisu.plexus-0.3.2.jar:na]
	at org.codehaus.plexus.DefaultPlexusContainer.lookup(DefaultPlexusContainer.java:263) [org.eclipse.sisu.plexus-0.3.2.jar:na]
	at org.codehaus.plexus.DefaultPlexusContainer.lookup(DefaultPlexusContainer.java:255) [org.eclipse.sisu.plexus-0.3.2.jar:na]
	at org.codehaus.plexus.DefaultPlexusContainer.lookup(DefaultPlexusContainer.java:249) [org.eclipse.sisu.plexus-0.3.2.jar:na]
	at org.eclipse.m2e.core.internal.embedder.MavenImpl.lookup(MavenImpl.java:1270) [org.eclipse.m2e.core_1.7.0.20160603-1933.jar:na]
	at org.eclipse.m2e.core.internal.embedder.MavenImpl.getLocalRepository(MavenImpl.java:429) [org.eclipse.m2e.core_1.7.0.20160603-1933.jar:na]
	at org.eclipse.m2e.jdt.internal.BuildPathManager.setupVariables(BuildPathManager.java:595) [org.eclipse.m2e.jdt_1.7.0.20160603-1933.jar:na]
	at org.eclipse.m2e.jdt.internal.MavenClasspathVariableInitializer.initialize(MavenClasspathVariableInitializer.java:30) [org.eclipse.m2e.jdt_1.7.0.20160603-1933.jar:na]
	at org.eclipse.jdt.core.JavaCore.getClasspathVariable(JavaCore.java:3549) [org.eclipse.jdt.core_3.12.0.v20160516-2131.jar:na]
	at org.springframework.ide.eclipse.internal.uaa.monitor.LibraryUsageMonitor.readPackageFragmentRoot(LibraryUsageMonitor.java:356) [org.springframework.ide.eclipse.uaa_2.6.0.201103160035-RELEASE.jar:na]
	at org.springframework.ide.eclipse.internal.uaa.monitor.LibraryUsageMonitor.projectClasspathChanged(LibraryUsageMonitor.java:171) [org.springframework.ide.eclipse.uaa_2.6.0.201103160035-RELEASE.jar:na]
	at org.springframework.ide.eclipse.internal.uaa.monitor.LibraryUsageMonitor.access$0(LibraryUsageMonitor.java:164) [org.springframework.ide.eclipse.uaa_2.6.0.201103160035-RELEASE.jar:na]
	at org.springframework.ide.eclipse.internal.uaa.monitor.LibraryUsageMonitor$2.run(LibraryUsageMonitor.java:121) [org.springframework.ide.eclipse.uaa_2.6.0.201103160035-RELEASE.jar:na]
	at org.eclipse.core.internal.jobs.Worker.run(Worker.java:55) [org.eclipse.core.jobs_3.8.0.v20160509-0411.jar:na]
2016-09-08 15:23:33,216 [Worker-3] ERROR o.e.m.jdt.internal.BuildPathManager - Could not lookup required component
org.eclipse.core.runtime.CoreException: Could not lookup required component
	at org.eclipse.m2e.core.internal.embedder.MavenImpl.lookup(MavenImpl.java:1272) ~[org.eclipse.m2e.core_1.7.0.20160603-1933.jar:na]
	at org.eclipse.m2e.core.internal.embedder.MavenImpl.getLocalRepository(MavenImpl.java:429) ~[org.eclipse.m2e.core_1.7.0.20160603-1933.jar:na]
	at org.eclipse.m2e.jdt.internal.BuildPathManager.setupVariables(BuildPathManager.java:595) ~[org.eclipse.m2e.jdt_1.7.0.20160603-1933.jar:na]
	at org.eclipse.m2e.jdt.internal.MavenClasspathVariableInitializer.initialize(MavenClasspathVariableInitializer.java:30) [org.eclipse.m2e.jdt_1.7.0.20160603-1933.jar:na]
	at org.eclipse.jdt.core.JavaCore.getClasspathVariable(JavaCore.java:3549) [org.eclipse.jdt.core_3.12.0.v20160516-2131.jar:na]
	at org.springframework.ide.eclipse.internal.uaa.monitor.LibraryUsageMonitor.readPackageFragmentRoot(LibraryUsageMonitor.java:356) [org.springframework.ide.eclipse.uaa_2.6.0.201103160035-RELEASE.jar:na]
	at org.springframework.ide.eclipse.internal.uaa.monitor.LibraryUsageMonitor.projectClasspathChanged(LibraryUsageMonitor.java:171) [org.springframework.ide.eclipse.uaa_2.6.0.201103160035-RELEASE.jar:na]
	at org.springframework.ide.eclipse.internal.uaa.monitor.LibraryUsageMonitor.access$0(LibraryUsageMonitor.java:164) [org.springframework.ide.eclipse.uaa_2.6.0.201103160035-RELEASE.jar:na]
	at org.springframework.ide.eclipse.internal.uaa.monitor.LibraryUsageMonitor$2.run(LibraryUsageMonitor.java:121) [org.springframework.ide.eclipse.uaa_2.6.0.201103160035-RELEASE.jar:na]
	at org.eclipse.core.internal.jobs.Worker.run(Worker.java:55) [org.eclipse.core.jobs_3.8.0.v20160509-0411.jar:na]
Caused by: org.codehaus.plexus.component.repository.exception.ComponentLookupException: com.google.inject.ProvisionException: Unable to provision, see the following errors:

1) No implementation for org.apache.maven.artifact.factory.ArtifactFactory was bound.
  while locating org.apache.maven.repository.legacy.LegacyRepositorySystem
  at ClassRealm[plexus.core, parent: null] (via modules: org.eclipse.sisu.wire.WireModule -> org.eclipse.sisu.plexus.PlexusBindingModule)
  at ClassRealm[plexus.core, parent: null] (via modules: org.eclipse.sisu.wire.WireModule -> org.eclipse.sisu.plexus.PlexusBindingModule)
  while locating org.apache.maven.repository.RepositorySystem

1 error
      role: org.apache.maven.repository.RepositorySystem
  roleHint: 
	at org.codehaus.plexus.DefaultPlexusContainer.lookup(DefaultPlexusContainer.java:267) ~[org.eclipse.sisu.plexus-0.3.2.jar:na]
	at org.codehaus.plexus.DefaultPlexusContainer.lookup(DefaultPlexusContainer.java:255) ~[org.eclipse.sisu.plexus-0.3.2.jar:na]
	at org.codehaus.plexus.DefaultPlexusContainer.lookup(DefaultPlexusContainer.java:249) ~[org.eclipse.sisu.plexus-0.3.2.jar:na]
	at org.eclipse.m2e.core.internal.embedder.MavenImpl.lookup(MavenImpl.java:1270) ~[org.eclipse.m2e.core_1.7.0.20160603-1933.jar:na]
	... 9 common frames omitted
Caused by: com.google.inject.ProvisionException: Unable to provision, see the following errors:

1) No implementation for org.apache.maven.artifact.factory.ArtifactFactory was bound.
  while locating org.apache.maven.repository.legacy.LegacyRepositorySystem
  at ClassRealm[plexus.core, parent: null] (via modules: org.eclipse.sisu.wire.WireModule -> org.eclipse.sisu.plexus.PlexusBindingModule)
  at ClassRealm[plexus.core, parent: null] (via modules: org.eclipse.sisu.wire.WireModule -> org.eclipse.sisu.plexus.PlexusBindingModule)
  while locating org.apache.maven.repository.RepositorySystem

1 error
	at com.google.inject.internal.InjectorImpl$2.get(InjectorImpl.java:1025) ~[guice-4.0-no_aop.jar:na]
	at org.eclipse.sisu.inject.LazyBeanEntry.getValue(LazyBeanEntry.java:81) ~[na:na]
	at org.eclipse.sisu.plexus.LazyPlexusBean.getValue(LazyPlexusBean.java:51) ~[na:na]
	at org.codehaus.plexus.DefaultPlexusContainer.lookup(DefaultPlexusContainer.java:263) ~[org.eclipse.sisu.plexus-0.3.2.jar:na]
	... 12 common frames omitted
2016-09-08 15:26:27,862 [Worker-1] INFO  c.g.t.t.d.PublishedGradleVersions - Gradle version information cache is up-to-date. Trying to read.
2016-09-08 15:51:29,523 [Worker-0] INFO  c.g.t.t.d.PublishedGradleVersions - Gradle version information cache is up-to-date. Trying to read.
2016-09-08 16:05:32,926 [Worker-1] INFO  c.g.t.t.d.PublishedGradleVersions - Gradle version information cache is up-to-date. Trying to read.
2016-09-08 16:09:18,841 [Worker-1] INFO  c.g.t.t.d.PublishedGradleVersions - Gradle version information cache is up-to-date. Trying to read.
2016-09-08 16:26:29,407 [Worker-2] INFO  c.g.t.t.d.PublishedGradleVersions - Gradle version information cache is up-to-date. Trying to read.
2016-09-08 18:06:11,556 [ModalContext] INFO  o.e.m.c.i.e.AbstractTransferListenerAdapter - Downloading https://repo.maven.apache.org/maven2/org/apache/maven/archetypes/maven-archetype-site/1.1/maven-archetype-site-1.1.jar
2016-09-08 18:06:11,600 [ModalContext] INFO  o.e.m.c.i.e.AbstractTransferListenerAdapter - Downloaded https://repo.maven.apache.org/maven2/org/apache/maven/archetypes/maven-archetype-site/1.1/maven-archetype-site-1.1.jar
2016-09-08 18:06:11,629 [ModalContext] INFO  o.e.m.c.i.e.AbstractTransferListenerAdapter - Downloading https://repo.maven.apache.org/maven2/org/apache/maven/archetypes/maven-archetype-site/1.1/maven-archetype-site-1.1.pom
2016-09-08 18:06:11,657 [ModalContext] INFO  o.e.m.c.i.e.AbstractTransferListenerAdapter - Downloaded https://repo.maven.apache.org/maven2/org/apache/maven/archetypes/maven-archetype-site/1.1/maven-archetype-site-1.1.pom
